<?xml version="1.0" encoding="UTF-8"?>
<testsuite name="RestClientTest" tests="1" skipped="0" failures="0" errors="0" timestamp="2018-04-21T13:51:22" hostname="Михаил-ПК" time="5.072">
  <properties/>
  <testcase name="RequestTest" classname="RestClientTest" time="5.072"/>
  <system-out><![CDATA[]]></system-out>
  <system-err><![CDATA[]]></system-err>
</testsuite>
